[16:43:13] [main/INFO]: Loading Minecraft 1.21.11 with Fabric Loader 0.18.4
[16:43:14] [main/WARN]: Warnings were found!
 - Mod 'Forge Config API Port' (forgeconfigapiport) 21.11.1 recommends any version of modmenu, which is missing!
	 - You should install any version of modmenu for the optimal experience.
[16:43:14] [main/INFO]: Loading 80 mods:
	- appleskin 3.0.7+mc1.21.11
	- architectury 19.0.1
	- balm 21.11.6
	   \-- kuma_api 21.11.12
	- carryon 2.9.0
	- collective 8.13
	- elevatorid 1.21.11-1.15.0
	   \-- forgeconfigapiport 21.11.1
	        |-- com_electronwill_night-config_core 3.8.3
	        \-- com_electronwill_night-config_toml 3.8.3
	- fabric-api 0.141.2+1.21.11
	   |-- fabric-api-base 1.0.5+4ebb5c083e
	   |-- fabric-api-lookup-api-v1 1.6.113+1fb1cde93e
	   |-- fabric-biome-api-v1 17.1.1+4fc5413f3e
	   |-- fabric-block-api-v1 1.1.10+4ebb5c083e
	   |-- fabric-block-view-api-v2 1.0.39+4ebb5c083e
	   |-- fabric-command-api-v2 2.4.7+6b42a6003e
	   |-- fabric-content-registries-v0 10.2.14+4fc5413f3e
	   |-- fabric-convention-tags-v1 2.1.55+7f945d5b3e
	   |-- fabric-convention-tags-v2 2.17.3+8ef948ba3e
	   |-- fabric-crash-report-info-v1 0.3.23+4ebb5c083e
	   |-- fabric-data-attachment-api-v1 1.8.47+eed0806f3e
	   |-- fabric-data-generation-api-v1 23.4.0+69974c4e3e
	   |-- fabric-dimensions-v1 4.0.28+4fc5413f3e
	   |-- fabric-entity-events-v1 3.1.1+1d0ab4303e
	   |-- fabric-events-interaction-v0 4.1.0+3b89ecf63e
	   |-- fabric-game-rule-api-v1 2.0.3+4fc5413f3e
	   |-- fabric-item-api-v1 11.5.20+d0c46b9e3e
	   |-- fabric-item-group-api-v1 4.2.36+4fc5413f3e
	   |-- fabric-key-binding-api-v1 1.1.7+4fc5413f3e
	   |-- fabric-lifecycle-events-v1 2.6.15+4ebb5c083e
	   |-- fabric-loot-api-v2 3.0.73+3f89f5a53e
	   |-- fabric-loot-api-v3 2.0.20+78c8b4663e
	   |-- fabric-message-api-v1 6.1.12+4ebb5c083e
	   |-- fabric-model-loading-api-v1 6.0.14+4fc5413f3e
	   |-- fabric-networking-api-v1 5.1.5+ae1e07683e
	   |-- fabric-object-builder-api-v1 21.1.39+4fc5413f3e
	   |-- fabric-particles-v1 4.2.11+4fc5413f3e
	   |-- fabric-recipe-api-v1 8.2.3+4ebb5c083e
	   |-- fabric-registry-sync-v0 6.2.5+1718722b3e
	   |-- fabric-renderer-api-v1 8.0.2+f4ffd2e53e
	   |-- fabric-renderer-indigo 5.0.2+f4ffd2e53e
	   |-- fabric-rendering-fluids-v1 3.1.43+4ebb5c083e
	   |-- fabric-rendering-v1 16.2.9+7edacff13e
	   |-- fabric-resource-conditions-api-v1 5.0.35+4fc5413f3e
	   |-- fabric-resource-loader-v0 3.3.4+4fc5413f3e
	   |-- fabric-resource-loader-v1 1.0.10+78c8b4663e
	   |-- fabric-screen-api-v1 3.1.7+4ebb5c083e
	   |-- fabric-screen-handler-api-v1 1.3.161+4fc5413f3e
	   |-- fabric-serialization-api-v1 1.0.5+4ebb5c083e
	   |-- fabric-sound-api-v1 1.0.51+4fc5413f3e
	   |-- fabric-tag-api-v1 1.2.20+4fc5413f3e
	   |-- fabric-transfer-api-v1 6.0.24+4fc5413f3e
	   \-- fabric-transitive-access-wideners-v1 7.1.0+014c8cec3e
	- fabric-language-kotlin 1.13.8+kotlin.2.3.0
	   |-- org_jetbrains_kotlin_kotlin-reflect 2.3.0
	   |-- org_jetbrains_kotlin_kotlin-stdlib 2.3.0
	   |-- org_jetbrains_kotlin_kotlin-stdlib-jdk7 2.3.0
	   |-- org_jetbrains_kotlin_kotlin-stdlib-jdk8 2.3.0
	   |-- org_jetbrains_kotlinx_atomicfu-jvm 0.29.0
	   |-- org_jetbrains_kotlinx_kotlinx-coroutines-core-jvm 1.10.2
	   |-- org_jetbrains_kotlinx_kotlinx-coroutines-jdk8 1.10.2
	   |-- org_jetbrains_kotlinx_kotlinx-datetime-jvm 0.7.1
	   |-- org_jetbrains_kotlinx_kotlinx-io-bytestring-jvm 0.8.2
	   |-- org_jetbrains_kotlinx_kotlinx-io-core-jvm 0.8.2
	   |-- org_jetbrains_kotlinx_kotlinx-serialization-cbor-jvm 1.9.0
	   |-- org_jetbrains_kotlinx_kotlinx-serialization-core-jvm 1.9.0
	   \-- org_jetbrains_kotlinx_kotlinx-serialization-json-jvm 1.9.0
	- fabricloader 0.18.4
	   \-- mixinextras 0.5.0
	- framework 0.13.10
	   |-- com_electronwill_night-config_core 3.8.3
	   |-- com_electronwill_night-config_toml 3.8.3
	   |-- org_javassist_javassist 3.30.2-GA
	   \-- org_reflections_reflections 0.10.2
	- goblintraders 1.11.4
	- inventorymanagement 1.6.1
	- jamlib 1.3.5+1.21.11
	   \-- blue_endless_jankson 1.2.3
	- java 21
	- jei 27.4.0.15
	- minecraft 1.21.11
	- puzzleslib 21.11.6
	- rightclickharvest 4.6.1+1.21.11
	- toms_storage 2.7.3
	   \-- cloth-config 21.11.151
	        \-- cloth-basic-math 0.6.1
	- treeharvester 9.3
	- waystones 21.11.4
[16:43:14] [main/INFO]: SpongePowered MIXIN Subsystem Version=0.8.7 Source=file:/workspaces/mcserver/servidor_minecraft/libraries/net/fabricmc/sponge-mixin/0.17.0+mixin.0.8.7/sponge-mixin-0.17.0+mixin.0.8.7.jar Service=Knot/Fabric Env=SERVER
[16:43:14] [main/INFO]: Compatibility level set to JAVA_21
[16:43:14] [main/WARN]: Reference map 'balm.refmap.json' for balm.mixins.json could not be read. If this is a development environment you can ignore this message
[16:43:14] [main/WARN]: Reference map 'balm.refmap.json' for balm.api.mixins.json could not be read. If this is a development environment you can ignore this message
[16:43:14] [main/WARN]: Reference map 'balm.refmap.json' for balm.fabric.mixins.json could not be read. If this is a development environment you can ignore this message
[16:43:14] [main/WARN]: Reference map 'carryon.refmap.json' for carryon.mixins.json could not be read. If this is a development environment you can ignore this message
[16:43:14] [main/WARN]: Reference map 'framework.refmap.json' for framework.common.mixins.json could not be read. If this is a development environment you can ignore this message
[16:43:14] [main/WARN]: Reference map 'framework.refmap.json' for framework.fabric.mixins.json could not be read. If this is a development environment you can ignore this message
[16:43:14] [main/WARN]: Reference map 'goblintraders.refmap.json' for goblintraders.fabric.mixins.json could not be read. If this is a development environment you can ignore this message
[16:43:14] [main/WARN]: Reference map 'goblintraders.refmap.json' for goblintraders.common.mixins.json could not be read. If this is a development environment you can ignore this message
[16:43:14] [main/WARN]: Reference map 'inventorymanagement-refmap.json' for inventorymanagement.mixins.json could not be read. If this is a development environment you can ignore this message
[16:43:14] [main/WARN]: Reference map 'inventorymanagement-refmap.json' for inventorymanagement.roundalib.mixins.json could not be read. If this is a development environment you can ignore this message
[16:43:14] [main/WARN]: Reference map 'kuma_api.refmap.json' for kuma_api.mixins.json could not be read. If this is a development environment you can ignore this message
[16:43:14] [main/WARN]: Reference map 'kuma_api.refmap.json' for kuma_api.fabric.mixins.json could not be read. If this is a development environment you can ignore this message
[16:43:14] [main/WARN]: Reference map 'waystones.refmap.json' for waystones.mixins.json could not be read. If this is a development environment you can ignore this message
[16:43:14] [main/WARN]: Reference map 'waystones.refmap.json' for waystones.fabric.mixins.json could not be read. If this is a development environment you can ignore this message
[16:43:15] [main/INFO]: Initializing MixinExtras via com.llamalad7.mixinextras.service.MixinExtrasServiceImpl(version=0.5.0).
[16:43:22] [main/INFO]: Loading Collective version 8.13.
[16:43:23] [main/INFO]: Reflections took 168 ms to scan 2 urls, producing 8 keys and 81 values
[16:43:23] [main/INFO]: Initializing JamLib on Fabric
[16:43:23] [main/INFO]: Constructing components for puzzleslib:common
[16:43:23] [main/INFO]: Updated config file at /workspaces/mcserver/servidor_minecraft/config/rightclickharvest.json5
[16:43:23] [main/INFO]: Initializing Right Click Harvest on FABRIC
[16:43:23] [main/INFO]: Tom's Storage Setup starting
[16:43:24] [main/INFO]: Environment: Environment[sessionHost=https://sessionserver.mojang.com, servicesHost=https://api.minecraftservices.com, profilesHost=https://api.mojang.com, name=PROD]
[16:43:26] [main/INFO]: Loaded 1572 recipes
[16:43:26] [main/INFO]: Loaded 1629 advancements
[16:43:26] [main/INFO]: Applied 66 biome modifications to 63 of 65 new biomes in 10.39 ms
[16:43:26] [Server thread/INFO]: Loading server configs...
[16:43:26] [Server thread/INFO]: Starting minecraft server version 1.21.11
[16:43:26] [Server thread/INFO]: Loading properties
[16:43:26] [Server thread/INFO]: Default game type: SURVIVAL
[16:43:26] [Server thread/INFO]: Generating keypair
[16:43:26] [Server thread/INFO]: Starting Minecraft server on *:25565
[16:43:26] [Server thread/INFO]: Preparing level "001"
[16:43:27] [Server thread/INFO]: Loading 0 persistent chunks...
[16:43:27] [Server thread/INFO]: Preparing spawn area: 100%
[16:43:27] [Server thread/INFO]: Time elapsed: 104 ms
[16:43:27] [Server thread/INFO]: Done (0.709s)! For help, type "help"
[16:43:28] [Server thread/INFO]: Server empty for 1 seconds, pausing
[16:45:13] [User Authenticator #1/INFO]: UUID of player Yuusha_chan is 360163b2-0ef1-42be-aeac-bf807e7103ce
[16:45:16] [Server thread/INFO]: Yuusha_chan[/100.92.163.91:51744] logged in with entity id 78 at (2254.9282752019903, 91.0, 2054.325549895757)
[16:45:16] [Server thread/INFO]: Yuusha_chan joined the game
[17:19:34] [Server thread/INFO]: Yuusha_chan lost connection: Disconnected
[17:19:34] [Server thread/INFO]: Yuusha_chan left the game
[17:19:35] [Server thread/INFO]: Server empty for 1 seconds, pausing
[17:26:18] [User Authenticator #2/INFO]: UUID of player Yuusha_chan is 360163b2-0ef1-42be-aeac-bf807e7103ce
[17:26:20] [Server thread/INFO]: Yuusha_chan[/100.92.163.91:51217] logged in with entity id 7696 at (2260.754341428865, 74.0, 2043.5974786970667)
[17:26:20] [Server thread/INFO]: Yuusha_chan joined the game
[18:22:28] [Server thread/INFO]: Yuusha_chan lost connection: Disconnected
[18:22:28] [Server thread/INFO]: Yuusha_chan left the game
[18:22:29] [Server thread/INFO]: Server empty for 1 seconds, pausing
